
START - automation started - Wed Dec 02 2020 08:25:51 GMT+0100 (CET)

LIVE MODE - type done to quit
 [RPA][STARTED]
[RPA][0] - listening for inputs
[RPA][1] - https://office.com
[RPA][1] - listening for inputs
[RPA][2] - exist_result = exist('chrome_icon.png').toString()
[RPA][2] - listening for inputs
[RPA][3] - dump exist_result to rpa_python.txt
[RPA][3] - listening for inputs
[RPA][4] - click chrome_icon.png
[RPA][4] - listening for inputs
[RPA][5] - https://universossiete.tesa/BOE/BI
[RPA][5] - listening for inputs
[RPA][6] - keyboard [ctrl][tab]
[RPA][6] - listening for inputs
[RPA][7] - exist_result = exist('chrome_icon.png').toString()
[RPA][7] - listening for inputs
[RPA][8] - dump exist_result to rpa_python.txt
[RPA][8] - listening for inputs
[RPA][9] - click chrome_icon.png
[RPA][9] - listening for inputs
[RPA][10] - https://universossiete.tesa/BOE/BI
[RPA][10] - listening for inputs
[RPA][11] - keyboard [ctrl][tab]
[RPA][11] - listening for inputs
[RPA][12] - type (663,386) as 6767Vara
[RPA][12] - listening for inputs
[RPA][13] - keyboard [enter]
[RPA][13] - listening for inputs
[RPA][14] - type (663,386) as 6767Vara
[RPA][14] - listening for inputs
[RPA][15] - keyboard [enter]
[RPA][15] - listening for inputs
[RPA][16] - click (354,219)
[RPA][16] - listening for inputs
[RPA][17] - exist_result = exist('bo_update_icon.png').toString()
